2024-08-09 18:53:37.533  INFO 1 - [7878-exec-6] healenium                        : [Save Elements] Request: By.id(APjFqb) 
2024-08-09 18:53:37.702  INFO 1 - [7878-exec-7] healenium                        : [Save Elements] Request: By.id(APjFqb) 
2024-08-09 19:22:52.658  INFO 1 - [7878-exec-1] healenium                        : [Get Reference] Request: RequestDto(locator=APjFqb, className=HealeniumTest, methodName=testHealenium, command=findElement, url=https://rubenibarra.com/index.php/locators/)) 
2024-08-09 19:22:55.539  INFO 1 - [7878-exec-3] healenium                        : [Get Reference] Request: RequestDto(locator=APjFqb, className=HealeniumTest, methodName=testHealenium, command=findElement, url=https://rubenibarra.com/index.php/locators/)) 
2024-08-09 19:24:01.298  INFO 1 - [7878-exec-8] healenium                        : [Get Reference] Request: RequestDto(locator=APjFqb, className=HealeniumTest, methodName=testHealenium, command=findElement, url=https://rubenibarra.com/index.php/locators/)) 
2024-08-09 19:24:02.258  INFO 1 - [878-exec-10] healenium                        : [Get Reference] Request: RequestDto(locator=APjFqb, className=HealeniumTest, methodName=testHealenium, command=findElement, url=https://rubenibarra.com/index.php/locators/)) 
2024-08-09 19:31:16.661  INFO 1 - [7878-exec-5] healenium                        : [Save Elements] Request: By.id(firstName) 
2024-08-09 19:31:16.811  INFO 1 - [7878-exec-6] healenium                        : [Save Elements] Request: By.id(firstName) 
2024-08-09 19:32:25.661  INFO 1 - [878-exec-10] healenium                        : [Get Reference] Request: RequestDto(locator=pepito, className=HealeniumTest, methodName=testHealenium, command=findElement, url=https://rubenibarra.com/index.php/locators/)) 
2024-08-09 19:50:02.573  INFO 1 - [7878-exec-4] healenium                        : [Save Elements] Request: By.id(firstName) 
2024-08-09 19:50:02.714  INFO 1 - [7878-exec-5] healenium                        : [Save Elements] Request: By.id(firstName) 
2024-08-09 19:51:15.378  INFO 1 - [7878-exec-9] healenium                        : [Save Elements] Request: By.id(firstName) 
2024-08-09 19:51:15.570  INFO 1 - [878-exec-10] healenium                        : [Save Elements] Request: By.id(firstName) 
2024-08-09 19:53:17.249  INFO 1 - [7878-exec-4] healenium                        : [Save Elements] Request: By.id(firstName) 
2024-08-09 19:53:17.395  INFO 1 - [7878-exec-5] healenium                        : [Save Elements] Request: By.id(firstName) 
2024-08-09 19:55:11.884  INFO 1 - [7878-exec-9] healenium                        : [Get Reference] Request: RequestDto(locator=firstName, className=HealeniumTest, methodName=testHealenium, command=findElement, url=https://rubenibarra.com/index.php/locators/)) 
2024-08-09 19:55:12.946  INFO 1 - [7878-exec-1] healenium                        : [Get Reference] Request: RequestDto(locator=firstName, className=HealeniumTest, methodName=testHealenium, command=findElement, url=https://rubenibarra.com/index.php/locators/)) 
2024-08-09 19:58:43.442  INFO 1 - [7878-exec-6] healenium                        : [Get Reference] Request: RequestDto(locator=firstName, className=HealeniumTest, methodName=testHealenium, command=findElement, url=https://rubenibarra.com/index.php/locators/)) 
2024-08-09 19:58:49.055  INFO 1 - [7878-exec-8] healenium                        : [Get Reference] Request: RequestDto(locator=firstName, className=HealeniumTest, methodName=testHealenium, command=findElement, url=https://rubenibarra.com/index.php/locators/)) 
2024-08-09 20:01:27.073  INFO 1 - [7878-exec-3] healenium                        : [Get Reference] Request: RequestDto(locator=firstName, className=HealeniumTest, methodName=testHealenium, command=findElement, url=https://rubenibarra.com/index.php/locators/)) 
2024-08-09 20:01:29.887  INFO 1 - [7878-exec-5] healenium                        : [Save Elements] Request: By.id(lastName) 
2024-08-09 20:04:59.616  INFO 1 - [7878-exec-9] healenium                        : [Get Reference] Request: RequestDto(locator=firstName, className=HealeniumTest, methodName=testHealenium, command=findElement, url=https://rubenibarra.com/index.php/locators/)) 
2024-08-09 20:05:02.183  INFO 1 - [7878-exec-1] healenium                        : [Save Elements] Request: By.id(lastName) 
2024-08-09 20:17:06.930  INFO 1 - [7878-exec-5] healenium                        : [Get Reference] Request: RequestDto(locator=firstName, className=HealeniumTest, methodName=testHealenium, command=findElement, url=https://rubenibarra.com/index.php/locators/)) 
2024-08-09 20:17:13.863  INFO 1 - [7878-exec-7] healenium                        : [Save Elements] Request: By.id(lastName) 
